Arguments: 
  D:\64\nodejs\node.exe D:\64\nodejs\global\node_modules\yarn\bin\yarn.js add axios

PATH: 
  C:\Program Files\PowerShell\7;C:\Program Files (x86)\Common Files\Oracle\Java\javapath;C:\WINDOWS\system32;C:\WINDOWS;C:\WINDOWS\System32\Wbem;C:\WINDOWS\System32\WindowsPowerShell\v1.0\;C:\WINDOWS\System32\OpenSSH\;D:\64\nodejs\;D:\64\Python2.7\;D:\64\nodejs\global\;C:\Program Files\MongoDB\Server\5.0\bin;D:\64\Git\cmd;D:\64\phantomjs-2.1.1-windows\bin\;D:\64\MinGW\mingw64\bin\;D:\64\jdk\bin;D:\64\jdk\jre\bin;D:\64\Graphviz\bin;C:\Program Files\Docker\Docker\resources\bin;C:\ProgramData\DockerDesktop\version-bin;D:\64\cmake\bin;D:\64\nodejs\global\bin;C:\Program Files\dotnet\;D:\64\nodejs\yarnData\global\bin;C:\Program Files (x86)\ZeroTier\One\;C:\Program Files\PowerShell\7\;C:\Users\www\scoop\shims;D:\64\Elm\0.19.1\bin;C:\Users\www\AppData\Local\Microsoft\WindowsApps;C:\Users\www\AppData\Roaming\npm;D:\64\Microsoft VS Code\bin;C:\Program Files\Bandizip\;C:\Users\www\.dotnet\tools

Yarn version: 
  1.22.11

Node version: 
  16.5.0

Platform: 
  win32 x64

Trace: 
  Error: write EPROTO 21036:error:1425F102:SSL routines:ssl_choose_client_version:unsupported protocol:c:\ws\deps\openssl\openssl\ssl\statem\statem_lib.c:1994:
  
      at WriteWrap.onWriteComplete [as oncomplete] (node:internal/stream_base_commons:94:16)

npm manifest: 
  {
    "name": "w-cli",
    "version": "1.0.0",
    "description": "",
    "main": "index.js",
    "scripts": {
      "test": "echo \"Error: no test specified\" && exit 1"
    },
    "keywords": [],
    "author": "",
    "license": "ISC",
    "bin": {
      "w-cli": "./bin/www"
    },
    "dependencies": {
      "commander": "^8.3.0"
    }
  }

yarn manifest: 
  No manifest

Lockfile: 
  # THIS IS AN AUTOGENERATED FILE. DO NOT EDIT THIS FILE DIRECTLY.
  # yarn lockfile v1
  
  
  commander@^8.3.0:
    version "8.3.0"
    resolved "https://registry.npmjs.org/commander/-/commander-8.3.0.tgz#4837ea1b2da67b9c616a67afbb0fafee567bca66"
    integrity sha512-OkTL9umf+He2DZkUq8f8J9of7yL6RJKI24dVITBmNfZBmri9zYZQrKkuXiKhyfPSu8tUhnVBB1iKXevvnlR4Ww==
